{
  "RSpec": {
    "coverage": {
      "/Users/jimszalewski/Repos/builder_api/app/models/card_creator.rb": [
        1,
        null,
        1,
        null,
        null,
        null,
        null,
        null,
        null,
        null,
        null,
        null,
        null,
        null,
        1,
        5,
        5,
        5,
        5,
        5,
        5,
        5,
        5,
        5,
        5,
        5,
        5,
        null,
        null,
        1,
        2,
        1,
        null,
        1,
        5,
        null,
        null,
        null,
        null,
        1,
        2,
        1,
        null,
        1,
        null,
        null,
        null
      ],
      "/Users/jimszalewski/Repos/builder_api/app/models/card_search.rb": [
        1,
        null,
        1,
        null,
        1,
        11,
        11,
        11,
        null,
        null,
        1,
        229,
        229,
        229,
        null,
        null,
        1,
        164,
        164,
        164,
        null,
        null,
        1,
        5,
        5,
        10,
        null,
        5,
        228,
        null,
        null,
        1,
        3,
        3,
        3,
        3,
        null,
        3,
        null,
        null,
        1,
        2,
        2,
        4,
        null,
        2,
        164,
        null,
        null,
        1,
        5,
        1,
        85,
        4,
        1,
        3,
        1,
        2,
        1,
        76,
        1,
        1,
        null,
        null,
        null,
        1,
        null,
        null,
        1,
        null,
        null,
        1,
        164,
        null,
        null
      ],
      "/Users/jimszalewski/Repos/builder_api/app/models/card.rb": [
        1,
        1,
        1,
        null
      ],
      "/Users/jimszalewski/Repos/builder_api/app/models/application_record.rb": [
        1,
        1,
        null
      ],
      "/Users/jimszalewski/Repos/builder_api/app/models/deck_card.rb": [
        1,
        1,
        1,
        null
      ],
      "/Users/jimszalewski/Repos/builder_api/app/models/deck_search.rb": [
        1,
        null,
        1,
        null,
        1,
        8,
        8,
        8,
        null,
        null,
        1,
        7,
        1,
        6,
        1,
        5,
        1,
        4,
        1,
        3,
        1,
        2,
        1,
        1,
        1,
        null,
        null,
        null
      ],
      "/Users/jimszalewski/Repos/builder_api/app/models/deck.rb": [
        1,
        1,
        1,
        null
      ],
      "/Users/jimszalewski/Repos/builder_api/app/controllers/api/v1/card_search_controller.rb": [
        1,
        1,
        5,
        5,
        null,
        null
      ],
      "/Users/jimszalewski/Repos/builder_api/app/controllers/application_controller.rb": [
        1,
        null
      ],
      "/Users/jimszalewski/Repos/builder_api/app/controllers/api/v1/decks_controller.rb": [
        1,
        1,
        1,
        1,
        null,
        null,
        1,
        1,
        1,
        null,
        null,
        1,
        1,
        1,
        null,
        null,
        1,
        1,
        null,
        null,
        1,
        null,
        1,
        1,
        null,
        null
      ],
      "/Users/jimszalewski/Repos/builder_api/app/controllers/api/v1/deck_search_controller.rb": [
        1,
        1,
        7,
        7,
        null,
        null
      ],
      "/Users/jimszalewski/Repos/builder_api/app/controllers/api/v1/commanders_controller.rb": [
        1,
        1,
        1,
        1,
        null,
        null,
        null,
        null,
        1,
        1,
        null,
        null
      ],
      "/Users/jimszalewski/Repos/builder_api/app/controllers/api/v1/deck_cards_controller.rb": [
        1,
        1,
        1,
        1,
        null,
        null
      ],
      "/Users/jimszalewski/Repos/builder_api/app/controllers/api/v1/cards_controller.rb": [
        1,
        1,
        1,
        1,
        null,
        null,
        1,
        1,
        1,
        null,
        null
      ],
      "/Users/jimszalewski/Repos/builder_api/app/channels/application_cable/channel.rb": [
        0,
        0,
        0,
        0
      ],
      "/Users/jimszalewski/Repos/builder_api/app/channels/application_cable/connection.rb": [
        0,
        0,
        0,
        0
      ],
      "/Users/jimszalewski/Repos/builder_api/app/controllers/api/v1/users/decks/cards_controller.rb": [

      ],
      "/Users/jimszalewski/Repos/builder_api/app/controllers/api/v1/users/decks_controller.rb": [

      ],
      "/Users/jimszalewski/Repos/builder_api/app/jobs/application_job.rb": [
        0,
        0
      ],
      "/Users/jimszalewski/Repos/builder_api/app/mailers/application_mailer.rb": [
        0,
        0,
        0,
        0
      ]
    },
    "timestamp": 1517011070
  }
}
